h2. Table Of Content
{toc}
h1. /user
h2. Overview
Operations about user
h3. BasePath: http://petstore.swagger.wordnik.com/api
h3. Api Version: 0.2
h2. APIs
h3. POST /user/createWithArray
{info:title=Creates list of users with given input array}{info}

h4. URL
{code}http://petstore.swagger.wordnik.com/api/user/createWithArray{code}
h4. Parameters

h4. Response
[#]

h4. Errors
|| *Status Code* || *Reason* ||

h3. POST /user
{info:title=Create user}This can only be done by the logged in user.{info}

h4. URL
{code}http://petstore.swagger.wordnik.com/api/user{code}
h4. Parameters

h4. Response
[#]

h4. Errors
|| *Status Code* || *Reason* ||

h3. POST /user/createWithList
{info:title=Creates list of users with given list input}{info}

h4. URL
{code}http://petstore.swagger.wordnik.com/api/user/createWithList{code}
h4. Parameters

h4. Response
[#]

h4. Errors
|| *Status Code* || *Reason* ||

h3. GET /user/\{username\}
{info:title=Get user by user name}{info}

h4. URL
{code}http://petstore.swagger.wordnik.com/api/user/{username}{code}
h4. Parameters

h4. Response
[#User]

h4. Errors
|| *Status Code* || *Reason* ||
|400|Invalid username supplied|
|404|User not found|

h3. GET /user/login
{info:title=Logs user into the system}{info}

h4. URL
{code}http://petstore.swagger.wordnik.com/api/user/login{code}
h4. Parameters

h4. Response
[#string]

h4. Errors
|| *Status Code* || *Reason* ||
|400|Invalid username and password combination|

h3. GET /user/logout
{info:title=Logs out current logged in user session}{info}

h4. URL
{code}http://petstore.swagger.wordnik.com/api/user/logout{code}
h4. Parameters

h4. Response
[#]

h4. Errors
|| *Status Code* || *Reason* ||



h2. Data Types
{anchor:User}
h3. User
|| ||*type*||*required*||*access*||*schema*||*notes*||
|*id*|long|false|-|-|-|
|*lastName*|string|false|-|-|-|
|*phone*|string|false|-|-|-|
|*username*|string|false|-|-|-|
|*email*|string|false|-|-|-|
|*userStatus*|int|false|-|User Status|-|
|*firstName*|string|false|-|-|-|
|*password*|string|false|-|-|-|
{anchor:string}
h3. string
|| ||*type*||*required*||*access*||*schema*||*notes*||

h1. /pet
h2. Overview
Operations about pets
h3. BasePath: http://petstore.swagger.wordnik.com/api
h3. Api Version: 0.2
h2. APIs
h3. GET /pet/\{petId\}
{info:title=Find pet by ID}Returns a pet based on ID{info}

h4. URL
{code}http://petstore.swagger.wordnik.com/api/pet/{petId}{code}
h4. Parameters

h4. Response
[#Pet]

h4. Errors
|| *Status Code* || *Reason* ||
|400|Invalid ID supplied|
|404|Pet not found|

h3. GET /pet/findByStatus
{info:title=Finds Pets by status}Multiple status values can be provided with comma seperated strings{info}

h4. URL
{code}http://petstore.swagger.wordnik.com/api/pet/findByStatus{code}
h4. Parameters

h4. Response
[#List[Pet]]

h4. Errors
|| *Status Code* || *Reason* ||
|400|Invalid status value|

h3. GET /pet/findByTags
{info:title=Finds Pets by tags}Muliple tags can be provided with comma seperated strings. Use tag1, tag2, tag3 for testing.{info}

h4. URL
{code}http://petstore.swagger.wordnik.com/api/pet/findByTags{code}
h4. Parameters

h4. Response
[#List[Pet]]

h4. Errors
|| *Status Code* || *Reason* ||
|400|Invalid tag value|



h2. Data Types
{anchor:Pet}
h3. Pet
|| ||*type*||*required*||*access*||*schema*||*notes*||
|*tags*|Array\[[#Tag]\]|false|-|-|-|
|*id*|long|false|-|-|-|
|*category*|Category|false|-|-|-|
|*status*|string|false|-|pet status in the store|-|
|*name*|string|false|-|-|-|
|*photoUrls*|Array|false|-|-|-|
{anchor:List[Pet]}
h3. List[Pet]
|| ||*type*||*required*||*access*||*schema*||*notes*||

